<?xml version="1.0" encoding="UTF-8"?>
<coverage generated="1723392276837" clover="3.2.0">
  <project timestamp="1723392276837" name="All files">
    <metrics statements="56" coveredstatements="55" conditionals="2" coveredconditionals="1" methods="18" coveredmethods="18" elements="76" coveredelements="74" complexity="0" loc="56" ncloc="56" packages="3" files="6" classes="6"/>
    <package name="UIHooks">
      <metrics statements="21" coveredstatements="21" conditionals="1" coveredconditionals="1" methods="9" coveredmethods="9"/>
      <file name="useModal.ts" path="G:\Documentos\SitioWeb\react-customized-hooks\src\hooks\UIHooks\useModal.ts">
        <metrics statements="7" coveredstatements="7" conditionals="0" coveredconditionals="0" methods="3" coveredmethods="3"/>
        <line num="1" count="1" type="stmt"/>
        <line num="3" count="1" type="stmt"/>
        <line num="4" count="3" type="stmt"/>
        <line num="6" count="3" type="stmt"/>
        <line num="7" count="3" type="stmt"/>
        <line num="9" count="3" type="stmt"/>
        <line num="12" count="1" type="stmt"/>
      </file>
      <file name="useToggle.ts" path="G:\Documentos\SitioWeb\react-customized-hooks\src\hooks\UIHooks\useToggle.ts">
        <metrics statements="7" coveredstatements="7" conditionals="1" coveredconditionals="1" methods="3" coveredmethods="3"/>
        <line num="1" count="1" type="stmt"/>
        <line num="3" count="4" type="cond" truecount="1" falsecount="0"/>
        <line num="4" count="2" type="stmt"/>
        <line num="6" count="2" type="stmt"/>
        <line num="7" count="1" type="stmt"/>
        <line num="10" count="2" type="stmt"/>
        <line num="13" count="1" type="stmt"/>
      </file>
      <file name="useTooltip.ts" path="G:\Documentos\SitioWeb\react-customized-hooks\src\hooks\UIHooks\useTooltip.ts">
        <metrics statements="7" coveredstatements="7" conditionals="0" coveredconditionals="0" methods="3" coveredmethods="3"/>
        <line num="1" count="1" type="stmt"/>
        <line num="3" count="1" type="stmt"/>
        <line num="4" count="3" type="stmt"/>
        <line num="6" count="3" type="stmt"/>
        <line num="7" count="3" type="stmt"/>
        <line num="9" count="3" type="stmt"/>
        <line num="12" count="1" type="stmt"/>
      </file>
    </package>
    <package name="fetchingHooks">
      <metrics statements="18" coveredstatements="17" conditionals="1" coveredconditionals="0" methods="3" coveredmethods="3"/>
      <file name="useFetch.ts" path="G:\Documentos\SitioWeb\react-customized-hooks\src\hooks\fetchingHooks\useFetch.ts">
        <metrics statements="18" coveredstatements="17" conditionals="1" coveredconditionals="0" methods="3" coveredmethods="3"/>
        <line num="1" count="1" type="stmt"/>
        <line num="15" count="4" type="stmt"/>
        <line num="16" count="4" type="stmt"/>
        <line num="17" count="4" type="stmt"/>
        <line num="18" count="4" type="stmt"/>
        <line num="20" count="4" type="stmt"/>
        <line num="21" count="4" type="stmt"/>
        <line num="22" count="2" type="stmt"/>
        <line num="24" count="2" type="stmt"/>
        <line num="25" count="1" type="cond" truecount="0" falsecount="1"/>
        <line num="26" count="0" type="stmt"/>
        <line num="28" count="1" type="stmt"/>
        <line num="29" count="1" type="stmt"/>
        <line num="31" count="1" type="stmt"/>
        <line num="33" count="2" type="stmt"/>
        <line num="37" count="2" type="stmt"/>
        <line num="40" count="4" type="stmt"/>
        <line num="43" count="1" type="stmt"/>
      </file>
    </package>
    <package name="formHooks">
      <metrics statements="17" coveredstatements="17" conditionals="0" coveredconditionals="0" methods="6" coveredmethods="6"/>
      <file name="useForm.ts" path="G:\Documentos\SitioWeb\react-customized-hooks\src\hooks\formHooks\useForm.ts">
        <metrics statements="9" coveredstatements="9" conditionals="0" coveredconditionals="0" methods="3" coveredmethods="3"/>
        <line num="1" count="1" type="stmt"/>
        <line num="3" count="1" type="stmt"/>
        <line num="4" count="4" type="stmt"/>
        <line num="6" count="4" type="stmt"/>
        <line num="7" count="2" type="stmt"/>
        <line num="8" count="2" type="stmt"/>
        <line num="11" count="4" type="stmt"/>
        <line num="13" count="4" type="stmt"/>
        <line num="16" count="1" type="stmt"/>
      </file>
      <file name="useInput.ts" path="G:\Documentos\SitioWeb\react-customized-hooks\src\hooks\formHooks\useInput.ts">
        <metrics statements="8" coveredstatements="8" conditionals="0" coveredconditionals="0" methods="3" coveredmethods="3"/>
        <line num="1" count="1" type="stmt"/>
        <line num="3" count="1" type="stmt"/>
        <line num="4" count="4" type="stmt"/>
        <line num="6" count="4" type="stmt"/>
        <line num="7" count="2" type="stmt"/>
        <line num="10" count="4" type="stmt"/>
        <line num="12" count="4" type="stmt"/>
        <line num="15" count="1" type="stmt"/>
      </file>
    </package>
  </project>
</coverage>
