{"G:\\Documentos\\SitioWeb\\react-customized-hooks\\src\\hooks\\UIHooks\\useModal.ts": {"path":"G:\\Documentos\\SitioWeb\\react-customized-hooks\\src\\hooks\\UIHooks\\useModal.ts","statementMap":{"0":{"start":{"line":1,"column":0},"end":{"line":1,"column":46}},"1":{"start":{"line":3,"column":17},"end":{"line":10,"column":1}},"2":{"start":{"line":4,"column":32},"end":{"line":4,"column":47}},"3":{"start":{"line":4,"column":17},"end":{"line":4,"column":19}},"4":{"start":{"line":4,"column":28},"end":{"line":4,"column":32}},"5":{"start":{"line":6,"column":22},"end":{"line":6,"column":60}},"6":{"start":{"line":6,"column":40},"end":{"line":6,"column":57}},"7":{"start":{"line":7,"column":23},"end":{"line":7,"column":62}},"8":{"start":{"line":7,"column":41},"end":{"line":7,"column":59}},"9":{"start":{"line":9,"column":4},"end":{"line":9,"column":45}},"10":{"start":{"line":12,"column":0},"end":{"line":12,"column":24}}},"fnMap":{"0":{"name":"(anonymous_0)","decl":{"start":{"line":3,"column":17},"end":{"line":3,"column":null}},"loc":{"start":{"line":3,"column":17},"end":{"line":10,"column":1}}},"1":{"name":"(anonymous_1)","decl":{"start":{"line":6,"column":34},"end":{"line":6,"column":40}},"loc":{"start":{"line":6,"column":34},"end":{"line":6,"column":49}}},"2":{"name":"(anonymous_2)","decl":{"start":{"line":7,"column":35},"end":{"line":7,"column":41}},"loc":{"start":{"line":7,"column":35},"end":{"line":7,"column":50}}}},"branchMap":{},"s":{"0":1,"1":1,"2":3,"3":3,"4":3,"5":3,"6":1,"7":3,"8":1,"9":3,"10":1},"f":{"0":3,"1":1,"2":1},"b":{}}
,"G:\\Documentos\\SitioWeb\\react-customized-hooks\\src\\hooks\\UIHooks\\useToggle.ts": {"path":"G:\\Documentos\\SitioWeb\\react-customized-hooks\\src\\hooks\\UIHooks\\useToggle.ts","statementMap":{"0":{"start":{"line":1,"column":0},"end":{"line":1,"column":46}},"1":{"start":{"line":3,"column":18},"end":{"line":11,"column":1}},"2":{"start":{"line":3,"column":19},"end":{"line":3,"column":null}},"3":{"start":{"line":4,"column":30},"end":{"line":4,"column":52}},"4":{"start":{"line":4,"column":16},"end":{"line":4,"column":18}},"5":{"start":{"line":4,"column":26},"end":{"line":4,"column":30}},"6":{"start":{"line":6,"column":19},"end":{"line":8,"column":10}},"7":{"start":{"line":7,"column":8},"end":{"line":7,"column":26}},"8":{"start":{"line":7,"column":22},"end":{"line":7,"column":25}},"9":{"start":{"line":10,"column":4},"end":{"line":10,"column":27}},"10":{"start":{"line":13,"column":0},"end":{"line":13,"column":25}}},"fnMap":{"0":{"name":"(anonymous_0)","decl":{"start":{"line":3,"column":18},"end":{"line":3,"column":19}},"loc":{"start":{"line":3,"column":48},"end":{"line":11,"column":1}}},"1":{"name":"(anonymous_1)","decl":{"start":{"line":6,"column":31},"end":{"line":6,"column":null}},"loc":{"start":{"line":6,"column":31},"end":{"line":8,"column":5}}},"2":{"name":"(anonymous_2)","decl":{"start":{"line":7,"column":17},"end":{"line":7,"column":18}},"loc":{"start":{"line":7,"column":18},"end":{"line":7,"column":23}}}},"branchMap":{"0":{"loc":{"start":{"line":3,"column":19},"end":{"line":3,"column":null}},"type":"if","locations":[{"start":{"line":3,"column":19},"end":{"line":3,"column":null}}]}},"s":{"0":1,"1":1,"2":4,"3":2,"4":2,"5":2,"6":2,"7":1,"8":1,"9":2,"10":1},"f":{"0":2,"1":1,"2":1},"b":{"0":[2]}}
,"G:\\Documentos\\SitioWeb\\react-customized-hooks\\src\\hooks\\UIHooks\\useTooltip.ts": {"path":"G:\\Documentos\\SitioWeb\\react-customized-hooks\\src\\hooks\\UIHooks\\useTooltip.ts","statementMap":{"0":{"start":{"line":1,"column":0},"end":{"line":1,"column":46}},"1":{"start":{"line":3,"column":19},"end":{"line":10,"column":1}},"2":{"start":{"line":4,"column":38},"end":{"line":4,"column":53}},"3":{"start":{"line":4,"column":20},"end":{"line":4,"column":22}},"4":{"start":{"line":4,"column":34},"end":{"line":4,"column":38}},"5":{"start":{"line":6,"column":24},"end":{"line":6,"column":65}},"6":{"start":{"line":6,"column":42},"end":{"line":6,"column":62}},"7":{"start":{"line":7,"column":24},"end":{"line":7,"column":66}},"8":{"start":{"line":7,"column":42},"end":{"line":7,"column":63}},"9":{"start":{"line":9,"column":4},"end":{"line":9,"column":51}},"10":{"start":{"line":12,"column":0},"end":{"line":12,"column":26}}},"fnMap":{"0":{"name":"(anonymous_0)","decl":{"start":{"line":3,"column":19},"end":{"line":3,"column":null}},"loc":{"start":{"line":3,"column":19},"end":{"line":10,"column":1}}},"1":{"name":"(anonymous_1)","decl":{"start":{"line":6,"column":36},"end":{"line":6,"column":42}},"loc":{"start":{"line":6,"column":36},"end":{"line":6,"column":54}}},"2":{"name":"(anonymous_2)","decl":{"start":{"line":7,"column":36},"end":{"line":7,"column":42}},"loc":{"start":{"line":7,"column":36},"end":{"line":7,"column":54}}}},"branchMap":{},"s":{"0":1,"1":1,"2":3,"3":3,"4":3,"5":3,"6":1,"7":3,"8":1,"9":3,"10":1},"f":{"0":3,"1":1,"2":1},"b":{}}
,"G:\\Documentos\\SitioWeb\\react-customized-hooks\\src\\hooks\\fetchingHooks\\useFetch.ts": {"path":"G:\\Documentos\\SitioWeb\\react-customized-hooks\\src\\hooks\\fetchingHooks\\useFetch.ts","statementMap":{"0":{"start":{"line":1,"column":0},"end":{"line":1,"column":44}},"1":{"start":{"line":15,"column":0},"end":{"line":15,"column":9}},"2":{"start":{"line":16,"column":28},"end":{"line":16,"column":52}},"3":{"start":{"line":16,"column":15},"end":{"line":16,"column":17}},"4":{"start":{"line":16,"column":24},"end":{"line":16,"column":28}},"5":{"start":{"line":17,"column":30},"end":{"line":17,"column":58}},"6":{"start":{"line":17,"column":16},"end":{"line":17,"column":18}},"7":{"start":{"line":17,"column":26},"end":{"line":17,"column":30}},"8":{"start":{"line":18,"column":34},"end":{"line":18,"column":57}},"9":{"start":{"line":18,"column":18},"end":{"line":18,"column":20}},"10":{"start":{"line":18,"column":30},"end":{"line":18,"column":34}},"11":{"start":{"line":20,"column":4},"end":{"line":38,"column":23}},"12":{"start":{"line":21,"column":26},"end":{"line":35,"column":10}},"13":{"start":{"line":22,"column":12},"end":{"line":22,"column":29}},"14":{"start":{"line":24,"column":33},"end":{"line":24,"column":null}},"15":{"start":{"line":24,"column":22},"end":{"line":24,"column":null}},"16":{"start":{"line":25,"column":16},"end":{"line":27,"column":17}},"17":{"start":{"line":26,"column":20},"end":{"line":26,"column":88}},"18":{"start":{"line":28,"column":29},"end":{"line":28,"column":null}},"19":{"start":{"line":28,"column":22},"end":{"line":28,"column":null}},"20":{"start":{"line":29,"column":16},"end":{"line":29,"column":30}},"21":{"start":{"line":31,"column":16},"end":{"line":31,"column":41}},"22":{"start":{"line":33,"column":16},"end":{"line":33,"column":34}},"23":{"start":{"line":37,"column":8},"end":{"line":37,"column":20}},"24":{"start":{"line":40,"column":4},"end":{"line":40,"column":36}},"25":{"start":{"line":43,"column":0},"end":{"line":43,"column":24}}},"fnMap":{"0":{"name":"useFetch","decl":{"start":{"line":15,"column":9},"end":{"line":15,"column":17}},"loc":{"start":{"line":15,"column":56},"end":{"line":41,"column":1}}},"1":{"name":"(anonymous_14)","decl":{"start":{"line":20,"column":14},"end":{"line":20,"column":null}},"loc":{"start":{"line":20,"column":14},"end":{"line":38,"column":5}}},"2":{"name":"(anonymous_15)","decl":{"start":{"line":21,"column":26},"end":{"line":21,"column":null}},"loc":{"start":{"line":21,"column":26},"end":{"line":35,"column":10}}}},"branchMap":{"0":{"loc":{"start":{"line":25,"column":16},"end":{"line":27,"column":17}},"type":"if","locations":[{"start":{"line":25,"column":16},"end":{"line":27,"column":17}}]}},"s":{"0":1,"1":4,"2":4,"3":4,"4":4,"5":4,"6":4,"7":4,"8":4,"9":4,"10":4,"11":4,"12":4,"13":2,"14":2,"15":2,"16":1,"17":0,"18":1,"19":1,"20":1,"21":1,"22":2,"23":2,"24":4,"25":1},"f":{"0":4,"1":2,"2":4},"b":{"0":[0]}}
,"G:\\Documentos\\SitioWeb\\react-customized-hooks\\src\\hooks\\formHooks\\useForm.ts": {"path":"G:\\Documentos\\SitioWeb\\react-customized-hooks\\src\\hooks\\formHooks\\useForm.ts","statementMap":{"0":{"start":{"line":1,"column":0},"end":{"line":1,"column":33}},"1":{"start":{"line":3,"column":16},"end":{"line":14,"column":1}},"2":{"start":{"line":4,"column":32},"end":{"line":4,"column":55}},"3":{"start":{"line":4,"column":17},"end":{"line":4,"column":19}},"4":{"start":{"line":4,"column":28},"end":{"line":4,"column":32}},"5":{"start":{"line":6,"column":25},"end":{"line":9,"column":5}},"6":{"start":{"line":7,"column":32},"end":{"line":7,"column":40}},"7":{"start":{"line":7,"column":20},"end":{"line":7,"column":22}},"8":{"start":{"line":7,"column":27},"end":{"line":7,"column":32}},"9":{"start":{"line":8,"column":8},"end":{"line":8,"column":48}},"10":{"start":{"line":11,"column":22},"end":{"line":11,"column":37}},"11":{"start":{"line":11,"column":28},"end":{"line":11,"column":53}},"12":{"start":{"line":13,"column":4},"end":{"line":13,"column":47}},"13":{"start":{"line":16,"column":0},"end":{"line":16,"column":23}}},"fnMap":{"0":{"name":"(anonymous_2)","decl":{"start":{"line":3,"column":16},"end":{"line":3,"column":17}},"loc":{"start":{"line":3,"column":54},"end":{"line":14,"column":1}}},"1":{"name":"(anonymous_3)","decl":{"start":{"line":6,"column":25},"end":{"line":6,"column":26}},"loc":{"start":{"line":6,"column":64},"end":{"line":9,"column":5}}},"2":{"name":"(anonymous_4)","decl":{"start":{"line":11,"column":22},"end":{"line":11,"column":28}},"loc":{"start":{"line":11,"column":22},"end":{"line":11,"column":37}}}},"branchMap":{},"s":{"0":1,"1":1,"2":4,"3":4,"4":4,"5":4,"6":2,"7":2,"8":2,"9":2,"10":4,"11":1,"12":4,"13":1},"f":{"0":4,"1":2,"2":1},"b":{}}
,"G:\\Documentos\\SitioWeb\\react-customized-hooks\\src\\hooks\\formHooks\\useInput.ts": {"path":"G:\\Documentos\\SitioWeb\\react-customized-hooks\\src\\hooks\\formHooks\\useInput.ts","statementMap":{"0":{"start":{"line":1,"column":0},"end":{"line":1,"column":33}},"1":{"start":{"line":3,"column":17},"end":{"line":13,"column":1}},"2":{"start":{"line":4,"column":30},"end":{"line":4,"column":52}},"3":{"start":{"line":4,"column":16},"end":{"line":4,"column":18}},"4":{"start":{"line":4,"column":26},"end":{"line":4,"column":30}},"5":{"start":{"line":6,"column":25},"end":{"line":8,"column":5}},"6":{"start":{"line":7,"column":8},"end":{"line":7,"column":33}},"7":{"start":{"line":10,"column":18},"end":{"line":10,"column":32}},"8":{"start":{"line":10,"column":24},"end":{"line":10,"column":37}},"9":{"start":{"line":12,"column":4},"end":{"line":12,"column":52}},"10":{"start":{"line":15,"column":0},"end":{"line":15,"column":24}}},"fnMap":{"0":{"name":"(anonymous_0)","decl":{"start":{"line":3,"column":17},"end":{"line":3,"column":18}},"loc":{"start":{"line":3,"column":38},"end":{"line":13,"column":1}}},"1":{"name":"(anonymous_1)","decl":{"start":{"line":6,"column":25},"end":{"line":6,"column":26}},"loc":{"start":{"line":6,"column":64},"end":{"line":8,"column":5}}},"2":{"name":"(anonymous_2)","decl":{"start":{"line":10,"column":18},"end":{"line":10,"column":24}},"loc":{"start":{"line":10,"column":18},"end":{"line":10,"column":32}}}},"branchMap":{},"s":{"0":1,"1":1,"2":4,"3":4,"4":4,"5":4,"6":2,"7":4,"8":1,"9":4,"10":1},"f":{"0":4,"1":2,"2":1},"b":{}}
}
