TN:
SF:src\hooks\UIHooks\useModal.ts
FN:3,(anonymous_0)
FN:6,(anonymous_1)
FN:7,(anonymous_2)
FNF:3
FNH:3
FNDA:3,(anonymous_0)
FNDA:1,(anonymous_1)
FNDA:1,(anonymous_2)
DA:1,1
DA:3,1
DA:4,3
DA:6,3
DA:7,3
DA:9,3
DA:12,1
LF:7
LH:7
BRF:0
BRH:0
end_of_record
TN:
SF:src\hooks\UIHooks\useToggle.ts
FN:3,(anonymous_0)
FN:6,(anonymous_1)
FN:7,(anonymous_2)
FNF:3
FNH:3
FNDA:2,(anonymous_0)
FNDA:1,(anonymous_1)
FNDA:1,(anonymous_2)
DA:1,1
DA:3,4
DA:4,2
DA:6,2
DA:7,1
DA:10,2
DA:13,1
LF:7
LH:7
BRDA:3,0,0,2
BRF:1
BRH:1
end_of_record
TN:
SF:src\hooks\UIHooks\useTooltip.ts
FN:3,(anonymous_0)
FN:6,(anonymous_1)
FN:7,(anonymous_2)
FNF:3
FNH:3
FNDA:3,(anonymous_0)
FNDA:1,(anonymous_1)
FNDA:1,(anonymous_2)
DA:1,1
DA:3,1
DA:4,3
DA:6,3
DA:7,3
DA:9,3
DA:12,1
LF:7
LH:7
BRF:0
BRH:0
end_of_record
TN:
SF:src\hooks\fetchingHooks\useFetch.ts
FN:15,useFetch
FN:20,(anonymous_14)
FN:21,(anonymous_15)
FNF:3
FNH:3
FNDA:4,useFetch
FNDA:2,(anonymous_14)
FNDA:4,(anonymous_15)
DA:1,1
DA:15,4
DA:16,4
DA:17,4
DA:18,4
DA:20,4
DA:21,4
DA:22,2
DA:24,2
DA:25,1
DA:26,0
DA:28,1
DA:29,1
DA:31,1
DA:33,2
DA:37,2
DA:40,4
DA:43,1
LF:18
LH:17
BRDA:25,0,0,0
BRF:1
BRH:0
end_of_record
TN:
SF:src\hooks\formHooks\useForm.ts
FN:3,(anonymous_2)
FN:6,(anonymous_3)
FN:11,(anonymous_4)
FNF:3
FNH:3
FNDA:4,(anonymous_2)
FNDA:2,(anonymous_3)
FNDA:1,(anonymous_4)
DA:1,1
DA:3,1
DA:4,4
DA:6,4
DA:7,2
DA:8,2
DA:11,4
DA:13,4
DA:16,1
LF:9
LH:9
BRF:0
BRH:0
end_of_record
TN:
SF:src\hooks\formHooks\useInput.ts
FN:3,(anonymous_0)
FN:6,(anonymous_1)
FN:10,(anonymous_2)
FNF:3
FNH:3
FNDA:4,(anonymous_0)
FNDA:2,(anonymous_1)
FNDA:1,(anonymous_2)
DA:1,1
DA:3,1
DA:4,4
DA:6,4
DA:7,2
DA:10,4
DA:12,4
DA:15,1
LF:8
LH:8
BRF:0
BRH:0
end_of_record
